2018-02-18 11:30:27,967 - werkzeug - INFO -  * Running on http://127.0.0.1:5000/ (Press CTRL+C to quit)
2018-02-18 11:30:27,968 - werkzeug - INFO -  * Restarting with stat
2018-02-18 11:30:28,309 - werkzeug - WARNING -  * Debugger is active!
2018-02-18 11:30:28,309 - werkzeug - INFO -  * Debugger PIN: 119-010-761
2018-02-18 11:31:06,859 - werkzeug - INFO -  * Detected change in '/home/lucas/Code/ElonMuskSkill/config.py', reloading
2018-02-18 11:31:06,935 - werkzeug - INFO -  * Restarting with stat
2018-02-18 11:31:07,358 - werkzeug - WARNING -  * Debugger is active!
2018-02-18 11:31:07,359 - werkzeug - INFO -  * Debugger PIN: 119-010-761
2018-02-18 11:32:22,250 - werkzeug - INFO -  * Detected change in '/home/lucas/Code/ElonMuskSkill/app.py', reloading
2018-02-18 11:32:22,306 - werkzeug - INFO -  * Restarting with stat
2018-02-18 11:32:37,042 - werkzeug - INFO -  * Running on http://127.0.0.1:5000/ (Press CTRL+C to quit)
2018-02-18 11:32:37,042 - werkzeug - INFO -  * Restarting with stat
2018-02-18 11:32:37,385 - werkzeug - WARNING -  * Debugger is active!
2018-02-18 11:32:37,386 - werkzeug - INFO -  * Debugger PIN: 119-010-761
2018-02-18 11:32:46,529 - werkzeug - INFO -  * Detected change in '/home/lucas/Code/ElonMuskSkill/app.py', reloading
2018-02-18 11:32:46,588 - werkzeug - INFO -  * Restarting with stat
2018-02-18 11:32:46,988 - werkzeug - WARNING -  * Debugger is active!
2018-02-18 11:32:46,988 - werkzeug - INFO -  * Debugger PIN: 119-010-761
2018-02-18 11:32:56,384 - werkzeug - INFO -  * Running on http://127.0.0.1:5000/ (Press CTRL+C to quit)
2018-02-18 11:32:56,384 - werkzeug - INFO -  * Restarting with stat
2018-02-18 11:32:56,722 - werkzeug - WARNING -  * Debugger is active!
2018-02-18 11:32:56,722 - werkzeug - INFO -  * Debugger PIN: 119-010-761
2018-02-18 11:34:57,814 - werkzeug - INFO -  * Running on http://127.0.0.1:5000/ (Press CTRL+C to quit)
2018-02-18 11:34:57,815 - werkzeug - INFO -  * Restarting with stat
2018-02-18 11:34:58,148 - werkzeug - WARNING -  * Debugger is active!
2018-02-18 11:34:58,149 - werkzeug - INFO -  * Debugger PIN: 119-010-761
2018-02-18 11:35:37,465 - werkzeug - INFO -  * Running on http://127.0.0.1:5000/ (Press CTRL+C to quit)
2018-02-18 11:35:37,466 - werkzeug - INFO -  * Restarting with stat
2018-02-18 11:35:37,798 - werkzeug - WARNING -  * Debugger is active!
2018-02-18 11:35:37,799 - werkzeug - INFO -  * Debugger PIN: 119-010-761
2018-02-18 11:35:48,829 - werkzeug - INFO -  * Running on http://127.0.0.1:5000/ (Press CTRL+C to quit)
2018-02-18 11:35:48,830 - werkzeug - INFO -  * Restarting with stat
2018-02-18 11:35:49,164 - werkzeug - WARNING -  * Debugger is active!
2018-02-18 11:35:49,165 - werkzeug - INFO -  * Debugger PIN: 119-010-761
2018-02-18 11:36:00,018 - werkzeug - INFO -  * Running on http://127.0.0.1:5000/ (Press CTRL+C to quit)
2018-02-18 11:36:00,019 - werkzeug - INFO -  * Restarting with stat
2018-02-18 11:36:00,358 - werkzeug - WARNING -  * Debugger is active!
2018-02-18 11:36:00,359 - werkzeug - INFO -  * Debugger PIN: 119-010-761
